<?xml version="1.0" encoding="windows-1251"?>
<!DOCTYPE beans PUBLIC "-//SPRING//DTD BEAN 2.0//EN" "http://www.springframework.org/dtd/spring-beans-2.0.dtd">
<beans default-lazy-init="true" default-autowire="byName">
    <!--Spring helpers-->
    <bean class="org.springframework.beans.factory.annotation.RequiredAnnotationBeanPostProcessor"/>

    <import resource="task-config.xml"/>
    <import resource="test-db-config.xml"/>

</beans>
