<?xml version="1.0" encoding="windows-1251"?>
<!DOCTYPE beans PUBLIC "-//SPRING//DTD BEAN 2.0//EN" "http://www.springframework.org/dtd/spring-beans-2.0.dtd">
<beans default-lazy-init="true" default-autowire="byName">
    <!--Spring helpers-->
    <bean class="org.springframework.beans.factory.annotation.RequiredAnnotationBeanPostProcessor"/>

    <!--db-->
    <bean id="jdbcTemplate"
          class="org.springframework.jdbc.core.simple.SimpleJdbcTemplate"
          lazy-init="false" autowire="no">
        <constructor-arg index="0" ref="dataSource"/>
    </bean>

    <bean id="dataSource" class="org.apache.commons.dbcp.BasicDataSource" destroy-method="close" autowire="no">
        <property name="driverClassName" value="com.mysql.jdbc.Driver"/>
        <property name="url" value="jdbc:mysql://localhost:3306/itmo?autoReconnect=true&#38;useUnicode=true&#38;characterEncoding=utf8&#38;useCompression=true&#38;useServerPrepStmts=true&#38;useCursorFetch=true"/>
        <property name="username" value="itmo"/>
        <property name="password" value="itmo"/>
        <property name="maxActive" value="4"/>
        <property name="maxIdle" value="4"/>
        <property name="removeAbandoned" value="false"/>
        <property name="removeAbandonedTimeout" value="300"/>
        <property name="logAbandoned" value="true"/>
        <property name="validationQuery" value="select 1"/>
    </bean>

    <bean id="transactionManager"
          class="org.springframework.jdbc.datasource.DataSourceTransactionManager" autowire="no">
        <property name="dataSource" ref="dataSource"/>
    </bean>

    <bean id="transactionTemplate"
          class="org.springframework.transaction.support.TransactionTemplate" autowire="no">
        <property name="transactionManager" ref="transactionManager"/>
    </bean>

</beans>
